*** Starting uWSGI 2.0.18 (64bit) on [Wed May 13 20:49:12 2020] ***
compiled with version: 4.8.5 20150623 (Red Hat 4.8.5-39) on 11 May 2020 11:13:22
os: Linux-3.10.0-1127.el7.x86_64 #1 SMP Tue Mar 31 23:36:51 UTC 2020
nodename: VM_0_8_centos
machine: x86_64
clock source: unix
pcre jit disabled
detected number of CPU cores: 1
current working directory: /data/wwwroot/WebSite
*** running under screen session 32303.pts-0.VM_0_8_centos ***
detected binary path: /data/env/pyweb/bin/uwsgi
uWSGI running as root, you can use --uid/--gid/--chroot options
*** WARNING: you are running uWSGI as root !!! (use the --uid flag) *** 
chdir() to /data/wwwroot/WebSite
your processes number limit is 7265
your memory page size is 4096 bytes
detected max file descriptor number: 100001
lock engine: pthread robust mutexes
thunder lock: disabled (you can enable it with --thunder-lock)
uwsgi socket 0 bound to TCP address 127.0.0.1:8000 fd 3
uWSGI running as root, you can use --uid/--gid/--chroot options
*** WARNING: you are running uWSGI as root !!! (use the --uid flag) *** 
Python version: 3.6.3 (default, May 11 2020, 17:42:30)  [GCC 4.8.5 20150623 (Red Hat 4.8.5-39)]
*** Python threads support is disabled. You can enable it with --enable-threads ***
Python main interpreter initialized at 0x1bb71f0
uWSGI running as root, you can use --uid/--gid/--chroot options
*** WARNING: you are running uWSGI as root !!! (use the --uid flag) *** 
your server socket listen backlog is limited to 100 connections
your mercy for graceful operations on workers is 60 seconds
mapped 145840 bytes (142 KB) for 1 cores
*** Operational MODE: single process ***
WSGI app 0 (mountpoint='') ready in 1 seconds on interpreter 0x1bb71f0 pid: 22841 (default app)
uWSGI running as root, you can use --uid/--gid/--chroot options
*** WARNING: you are running uWSGI as root !!! (use the --uid flag) *** 
spawned uWSGI master process (pid: 22841)
spawned uWSGI worker 1 (pid: 22843, cores: 1)
*** Starting uWSGI 2.0.18 (64bit) on [Wed May 13 21:39:14 2020] ***
compiled with version: 4.8.5 20150623 (Red Hat 4.8.5-39) on 11 May 2020 11:13:22
os: Linux-3.10.0-1127.el7.x86_64 #1 SMP Tue Mar 31 23:36:51 UTC 2020
nodename: VM_0_8_centos
machine: x86_64
clock source: unix
pcre jit disabled
detected number of CPU cores: 1
current working directory: /data/wwwroot/WebSite
*** running under screen session 10110.pts-0.VM_0_8_centos ***
detected binary path: /data/env/pyweb/bin/uwsgi
uWSGI running as root, you can use --uid/--gid/--chroot options
*** WARNING: you are running uWSGI as root !!! (use the --uid flag) *** 
chdir() to /data/wwwroot/WebSite
your processes number limit is 7265
your memory page size is 4096 bytes
detected max file descriptor number: 100001
lock engine: pthread robust mutexes
thunder lock: disabled (you can enable it with --thunder-lock)
probably another instance of uWSGI is running on the same address (127.0.0.1:8000).
bind(): Address already in use [core/socket.c line 769]
*** Starting uWSGI 2.0.18 (64bit) on [Wed May 13 22:02:12 2020] ***
compiled with version: 4.8.5 20150623 (Red Hat 4.8.5-39) on 11 May 2020 11:13:22
os: Linux-3.10.0-1127.el7.x86_64 #1 SMP Tue Mar 31 23:36:51 UTC 2020
nodename: VM_0_8_centos
machine: x86_64
clock source: unix
pcre jit disabled
detected number of CPU cores: 1
current working directory: /data/wwwroot/WebSite
*** running under screen session 10110.pts-0.VM_0_8_centos ***
detected binary path: /data/env/pyweb/bin/uwsgi
uWSGI running as root, you can use --uid/--gid/--chroot options
*** WARNING: you are running uWSGI as root !!! (use the --uid flag) *** 
chdir() to /data/wwwroot/WebSite
your processes number limit is 7265
your memory page size is 4096 bytes
detected max file descriptor number: 100001
lock engine: pthread robust mutexes
thunder lock: disabled (you can enable it with --thunder-lock)
probably another instance of uWSGI is running on the same address (127.0.0.1:8000).
bind(): Address already in use [core/socket.c line 769]
